<?xml version="1.0" encoding="UTF-8"?>
<!-- Generated by org.testng.reporters.JUnitXMLReporter -->
<testsuite hostname="MUM-45XF833" ignored="3" name="Default test" tests="4" failures="0" timestamp="2022-02-05T18:05:11 IST" time="5.803" errors="0">
  <testcase name="getObjects" time="2.569" classname="week6.day1.GetAllObjects"/>
  <testcase name="createResource" time="1.031" classname="week6.day1.CreateNewResource"/>
  <testcase name="updateTheResource" time="1.22" classname="week6.day1.UpdateResource"/>
  <testcase name="deleteResource" time="0.96" classname="week6.day1.DeleteNewResource"/>
  <testcase name="@BeforeSuite setUpSalesForce" time="0.0" classname="week6.day1.BaseClass">
    <ignored/>
  </testcase> <!-- @BeforeSuite setUpSalesForce -->
  <testcase name="@BeforeSuite setUpSalesForce" time="0.0" classname="week6.day1.BaseClass">
    <ignored/>
  </testcase> <!-- @BeforeSuite setUpSalesForce -->
  <testcase name="@BeforeSuite setUpSalesForce" time="0.0" classname="week6.day1.BaseClass">
    <ignored/>
  </testcase> <!-- @BeforeSuite setUpSalesForce -->
</testsuite> <!-- Default test -->
